\BOOKMARK [0][-]{chapter*.2}{Preface}{}% 1
\BOOKMARK [0][-]{chapter.1}{Introduction}{}% 2
\BOOKMARK [0][-]{chapter.2}{A Museum Analogy}{}% 3
\BOOKMARK [1][-]{section.2.1}{Synchronization}{chapter.2}% 4
\BOOKMARK [1][-]{section.2.2}{Inventories}{chapter.2}% 5
\BOOKMARK [1][-]{section.2.3}{Stages of a Sync: Continuity, Preferences, Upgrades}{chapter.2}% 6
\BOOKMARK [1][-]{section.2.4}{Sync-based upgrades vs. user-made upgrades}{chapter.2}% 7
\BOOKMARK [1][-]{section.2.5}{Records}{chapter.2}% 8
\BOOKMARK [1][-]{section.2.6}{Blathering on about records}{chapter.2}% 9
\BOOKMARK [1][-]{section.2.7}{The ``dot \046 link'' view of histories}{chapter.2}% 10
\BOOKMARK [1][-]{section.2.8}{When can an upgrade propagate automatically?}{chapter.2}% 11
\BOOKMARK [1][-]{section.2.9}{What information about the mesh do we actually need to store?}{chapter.2}% 12
\BOOKMARK [1][-]{section.2.10}{Complicated examples}{chapter.2}% 13
\BOOKMARK [1][-]{section.2.11}{Terminology}{chapter.2}% 14
\BOOKMARK [0][-]{chapter.3}{What does it mean to keep files synchronized?}{}% 15
\BOOKMARK [1][-]{section*.3}{Intuitive Notions}{chapter.3}% 16
\BOOKMARK [1][-]{section.3.1}{Machines}{chapter.3}% 17
\BOOKMARK [1][-]{section.3.2}{Storage Device}{chapter.3}% 18
\BOOKMARK [1][-]{section.3.3}{Files \046 Aspects}{chapter.3}% 19
\BOOKMARK [1][-]{section.3.4}{Merge Tools}{chapter.3}% 20
\BOOKMARK [1][-]{section.3.5}{Tracked Files}{chapter.3}% 21
\BOOKMARK [1][-]{section.3.6}{Preferability}{chapter.3}% 22
\BOOKMARK [1][-]{section.3.7}{Scans}{chapter.3}% 23
\BOOKMARK [1][-]{section*.4}{Comparing Versions}{chapter.3}% 24
\BOOKMARK [1][-]{section.3.8}{Full Histories}{chapter.3}% 25
\BOOKMARK [1][-]{section.3.9}{Comparing Full Histories}{chapter.3}% 26
\BOOKMARK [1][-]{section.3.10}{proof of sufficiency of ``is same'' approach}{chapter.3}% 27
\BOOKMARK [1][-]{section.3.11}{Optimized Histories}{chapter.3}% 28
\BOOKMARK [1][-]{section.3.12}{Comparing Optimized Histories}{chapter.3}% 29
\BOOKMARK [1][-]{section*.5}{Advanced Notions}{chapter.3}% 30
\BOOKMARK [1][-]{section.3.13}{Gossip}{chapter.3}% 31
\BOOKMARK [1][-]{section.3.14}{Guidance - Identification}{chapter.3}% 32
\BOOKMARK [1][-]{section.3.15}{Guidance - Preferred Values}{chapter.3}% 33
\BOOKMARK [1][-]{section.3.16}{Noticing}{chapter.3}% 34
\BOOKMARK [1][-]{section.3.17}{Instructions}{chapter.3}% 35
\BOOKMARK [1][-]{section.3.18}{Syncing}{chapter.3}% 36
\BOOKMARK [2][-]{subsection.3.18.1}{Updating a File}{section.3.18}% 37
\BOOKMARK [0][-]{chapter.4}{McSync's Syncing Algorithm}{}% 38
\BOOKMARK [1][-]{section.4.1}{Sequence of operations}{chapter.4}% 39
\BOOKMARK [2][-]{subsection.4.1.1}{McSync operation}{section.4.1}% 40
\BOOKMARK [2][-]{subsection.4.1.2}{The anatomy of a sync}{section.4.1}% 41
\BOOKMARK [2][-]{subsection.4.1.3}{Older Versions}{section.4.1}% 42
\BOOKMARK [2][-]{subsection.4.1.4}{Two Rounds}{section.4.1}% 43
\BOOKMARK [1][-]{section.4.2}{Data Structures}{chapter.4}% 44
\BOOKMARK [1][-]{section.4.3}{Formalized Algorithms}{chapter.4}% 45
\BOOKMARK [1][-]{section.4.4}{Proofs of Correctness}{chapter.4}% 46
\BOOKMARK [2][-]{subsection.4.4.1}{Lossless Theorem}{section.4.4}% 47
\BOOKMARK [2][-]{subsection.4.4.2}{Optimality Theorem}{section.4.4}% 48
\BOOKMARK [2][-]{subsection.4.4.3}{Consistency Theorem}{section.4.4}% 49
\BOOKMARK [2][-]{subsection.4.4.4}{Local Improvement Theorem}{section.4.4}% 50
\BOOKMARK [2][-]{subsection.4.4.5}{Global Improvement Theorem}{section.4.4}% 51
\BOOKMARK [2][-]{subsection.4.4.6}{Naive Merge Theorem}{section.4.4}% 52
\BOOKMARK [2][-]{subsection.4.4.7}{Ghost Deletion Theorem}{section.4.4}% 53
\BOOKMARK [2][-]{subsection.4.4.8}{Free Preferability Theorem}{section.4.4}% 54
\BOOKMARK [2][-]{subsection.4.4.9}{Arbitrary Distinguishability Theorem}{section.4.4}% 55
\BOOKMARK [2][-]{subsection.4.4.10}{inode and ctime theorem}{section.4.4}% 56
\BOOKMARK [1][-]{section.4.5}{Security}{chapter.4}% 57
\BOOKMARK [1][-]{section.4.6}{Efficiency}{chapter.4}% 58
\BOOKMARK [1][-]{section.4.7}{Discussion}{chapter.4}% 59
\BOOKMARK [2][-]{subsection.4.7.1}{General comments regarding synchronization in general}{section.4.7}% 60
\BOOKMARK [2][-]{subsection.4.7.2}{Quandaries}{section.4.7}% 61
\BOOKMARK [2][-]{subsection.4.7.3}{multi-paths}{section.4.7}% 62
\BOOKMARK [2][-]{subsection.4.7.4}{Beyond ASCII}{section.4.7}% 63
\BOOKMARK [2][-]{subsection.4.7.5}{Extended Attributes}{section.4.7}% 64
\BOOKMARK [1][-]{section.4.8}{Comparison with Other synchronizers}{chapter.4}% 65
\BOOKMARK [0][-]{chapter.5}{How Syncing is Conceptualized for the User}{}% 66
\BOOKMARK [1][-]{section.5.1}{Virtual Tree}{chapter.5}% 67
\BOOKMARK [2][-]{subsection.5.1.1}{How the virtual tree lets you specify continuation and preference guidance}{section.5.1}% 68
\BOOKMARK [1][-]{section.5.2}{Graft}{chapter.5}% 69
\BOOKMARK [1][-]{section.5.3}{Backup Devices}{chapter.5}% 70
\BOOKMARK [1][-]{section.5.4}{Propagation of Source and Configuration Files}{chapter.5}% 71
\BOOKMARK [0][-]{chapter.6}{Mobility Issues}{}% 72
\BOOKMARK [1][-]{section.6.1}{separation of controller from large record keeping}{chapter.6}% 73
\BOOKMARK [2][-]{subsection.6.1.1}{Types of Processes}{section.6.1}% 74
\BOOKMARK [1][-]{section.6.2}{Hopping from machine to machine}{chapter.6}% 75
\BOOKMARK [1][-]{section.6.3}{Locations}{chapter.6}% 76
\BOOKMARK [1][-]{section.6.4}{McSync's Internal Network}{chapter.6}% 77
\BOOKMARK [1][-]{section.6.5}{Network and Remote Machines}{chapter.6}% 78
\BOOKMARK [1][-]{section.6.6}{Processes and Communication}{chapter.6}% 79
\BOOKMARK [0][-]{chapter.7}{Source Code Organization}{}% 80
\BOOKMARK [1][-]{section.7.1}{Preferences}{chapter.7}% 81
\BOOKMARK [1][-]{section.7.2}{Networking}{chapter.7}% 82
\BOOKMARK [1][-]{section.7.3}{Device Access}{chapter.7}% 83
\BOOKMARK [1][-]{section.7.4}{Data Transfer}{chapter.7}% 84
\BOOKMARK [1][-]{section.7.5}{User Actions Layer}{chapter.7}% 85
\BOOKMARK [1][-]{section.7.6}{Algorithm Layer}{chapter.7}% 86
\BOOKMARK [0][-]{section.7.6}{Index}{}% 87
\BOOKMARK [0][-]{chapter*.6}{Bibliography}{}% 88
